c:\users\jonat\desktop\study\1 university\2 second year\second semester\c++\battle_tank\battle_tank\battle_tank\x64\debug\vc143.pdb
c:\users\jonat\desktop\study\1 university\2 second year\second semester\c++\battle_tank\battle_tank\battle_tank\x64\debug\vc143.idb
c:\users\jonat\desktop\study\1 university\2 second year\second semester\c++\battle_tank\battle_tank\battle_tank\x64\debug\tank.obj
c:\users\jonat\desktop\study\1 university\2 second year\second semester\c++\battle_tank\battle_tank\battle_tank\x64\debug\shells.obj
c:\users\jonat\desktop\study\1 university\2 second year\second semester\c++\battle_tank\battle_tank\battle_tank\x64\debug\menu.obj
c:\users\jonat\desktop\study\1 university\2 second year\second semester\c++\battle_tank\battle_tank\battle_tank\x64\debug\entity.obj
c:\users\jonat\desktop\study\1 university\2 second year\second semester\c++\battle_tank\battle_tank\battle_tank\x64\debug\board.obj
c:\users\jonat\desktop\study\1 university\2 second year\second semester\c++\battle_tank\battle_tank\battle_tank\x64\debug\utils.obj
c:\users\jonat\desktop\study\1 university\2 second year\second semester\c++\battle_tank\battle_tank\battle_tank\x64\debug\main.obj
c:\users\jonat\desktop\study\1 university\2 second year\second semester\c++\battle_tank\battle_tank\battle_tank\x64\debug\game.obj
c:\users\jonat\desktop\study\1 university\2 second year\second semester\c++\battle_tank\battle_tank\battle_tank\x64\debug\canon.obj
c:\users\jonat\desktop\study\1 university\2 second year\second semester\c++\battle_tank\battle_tank\battle_tank\x64\debug\shellmanager.obj
c:\users\jonat\desktop\study\1 university\2 second year\second semester\c++\battle_tank\battle_tank\battle_tank\x64\debug\shootmanager.obj
c:\users\jonat\desktop\study\1 university\2 second year\second semester\c++\battle_tank\battle_tank\x64\debug\battle_tank.pdb
c:\users\jonat\desktop\study\1 university\2 second year\second semester\c++\battle_tank\battle_tank\battle_tank\x64\debug\battle_tank.tlog\cl.command.1.tlog
c:\users\jonat\desktop\study\1 university\2 second year\second semester\c++\battle_tank\battle_tank\battle_tank\x64\debug\battle_tank.tlog\cl.read.1.tlog
c:\users\jonat\desktop\study\1 university\2 second year\second semester\c++\battle_tank\battle_tank\battle_tank\x64\debug\battle_tank.tlog\cl.write.1.tlog
c:\users\jonat\desktop\study\1 university\2 second year\second semester\c++\battle_tank\battle_tank\battle_tank\x64\debug\battle_tank.tlog\link-cvtres.read.1.tlog
c:\users\jonat\desktop\study\1 university\2 second year\second semester\c++\battle_tank\battle_tank\battle_tank\x64\debug\battle_tank.tlog\link-cvtres.write.1.tlog
c:\users\jonat\desktop\study\1 university\2 second year\second semester\c++\battle_tank\battle_tank\battle_tank\x64\debug\battle_tank.tlog\link-rc.read.1.tlog
c:\users\jonat\desktop\study\1 university\2 second year\second semester\c++\battle_tank\battle_tank\battle_tank\x64\debug\battle_tank.tlog\link-rc.write.1.tlog
c:\users\jonat\desktop\study\1 university\2 second year\second semester\c++\battle_tank\battle_tank\battle_tank\x64\debug\battle_tank.tlog\link.command.1.tlog
c:\users\jonat\desktop\study\1 university\2 second year\second semester\c++\battle_tank\battle_tank\battle_tank\x64\debug\battle_tank.tlog\link.read.1.tlog
c:\users\jonat\desktop\study\1 university\2 second year\second semester\c++\battle_tank\battle_tank\battle_tank\x64\debug\battle_tank.tlog\link.read.2.tlog
c:\users\jonat\desktop\study\1 university\2 second year\second semester\c++\battle_tank\battle_tank\battle_tank\x64\debug\battle_tank.tlog\link.write.1.tlog
